{
  "stats": {
    "suites": 2,
    "tests": 2,
    "passes": 1,
    "pending": 0,
    "failures": 1,
    "start": "2023-02-21T03:41:10.840Z",
    "end": "2023-02-21T03:41:11.129Z",
    "duration": 289,
    "testsRegistered": 2,
    "passPercent": 50,
    "pendingPercent": 0,
    "other": 0,
    "hasOther": false,
    "skipped": 0,
    "hasSkipped": false
  },
  "results": [
    {
      "uuid": "2b269f01-2a4a-4ded-857e-f24a86300c9d",
      "title": "",
      "fullFile": "",
      "file": "",
      "beforeHooks": [],
      "afterHooks": [],
      "tests": [],
      "suites": [
        {
          "uuid": "6a484808-92ef-4f3a-863f-d2badd5c9ae2",
          "title": "POST /api/users",
          "fullFile": "C:\\SandBox\\Node\\apiTesting2\\apiTesting.js",
          "file": "\\apiTesting.js",
          "beforeHooks": [],
          "afterHooks": [],
          "tests": [
            {
              "title": "should create a new user with valid data",
              "fullTitle": "POST /api/users should create a new user with valid data",
              "timedOut": false,
              "duration": 82,
              "state": "passed",
              "speed": "slow",
              "pass": true,
              "fail": false,
              "pending": false,
              "context": null,
              "code": "fs.createReadStream('testData.csv')\n  .pipe(csv())\n  .on('data', (data) => {\n    supertest(apiUrl)\n      .post('/api/users')\n      .send({\n        name: data.name,\n        job: data.job\n      })\n      .expect(201)\n      .end((err, res) => {\n        if (err) return done(err);\n        // assertions for successful response\n        expect(res.body).to.have.property('id');\n        expect(res.body.name).to.equal(data.name);\n        expect(res.body.job).to.equal(data.job);\n      });\n  })\n  .on('end', () => {\n    done();\n  });",
              "err": {},
              "uuid": "b28cc7ff-9690-4d09-8db5-37fc5d8e317c",
              "parentUUID": "6a484808-92ef-4f3a-863f-d2badd5c9ae2",
              "isHook": false,
              "skipped": false
            }
          ],
          "suites": [],
          "passes": [
            "b28cc7ff-9690-4d09-8db5-37fc5d8e317c"
          ],
          "failures": [],
          "pending": [],
          "skipped": [],
          "duration": 82,
          "root": false,
          "rootEmpty": false,
          "_timeout": 2000
        },
        {
          "uuid": "495b0520-9d8f-40fa-8389-4d324057d41b",
          "title": "GET /api/users",
          "fullFile": "C:\\SandBox\\Node\\apiTesting2\\apiTesting.js",
          "file": "\\apiTesting.js",
          "beforeHooks": [],
          "afterHooks": [],
          "tests": [
            {
              "title": "should return all users",
              "fullTitle": "GET /api/users should return all users",
              "timedOut": false,
              "duration": 194,
              "state": "failed",
              "speed": null,
              "pass": false,
              "fail": true,
              "pending": false,
              "context": null,
              "code": "supertest(apiUrl)\n  .get('/api/users')\n  .end((err, res) => {\n    if (err) return done(err);\n    // assertions for successful response\n    expect(res.status).to.equal(200);\n    expect(res.body).to.be.an('array').that.has.lengthOf.at.least(2);\n    done();\n  });",
              "err": {
                "message": "AssertionError: expected { page: 1, per_page: 6, …(4) } to be an array",
                "estack": "AssertionError: expected { page: 1, per_page: 6, …(4) } to be an array\n    at Test.<anonymous> (apiTesting.js:43:32)\n    at Test.assert (node_modules\\supertest\\lib\\test.js:172:8)\n    at localAssert (node_modules\\supertest\\lib\\test.js:120:14)\n    at C:\\SandBox\\Node\\apiTesting2\\node_modules\\supertest\\lib\\test.js:125:7\n    at Request.callback (node_modules\\superagent\\lib\\node\\index.js:857:12)\n    at C:\\SandBox\\Node\\apiTesting2\\node_modules\\superagent\\lib\\node\\index.js:1070:18\n    at IncomingMessage.<anonymous> (node_modules\\superagent\\lib\\node\\parsers\\json.js:21:7)\n    at Stream.emit (node:events:513:28)\n    at Unzip.<anonymous> (node_modules\\superagent\\lib\\node\\unzip.js:54:12)\n    at Unzip.emit (node:events:513:28)\n    at endReadableNT (node:internal/streams/readable:1359:12)\n    at process.processTicksAndRejections (node:internal/process/task_queues:82:21)",
                "diff": null
              },
              "uuid": "5a686b4b-ba85-45dc-ae49-ff5394b375c5",
              "parentUUID": "495b0520-9d8f-40fa-8389-4d324057d41b",
              "isHook": false,
              "skipped": false
            }
          ],
          "suites": [],
          "passes": [],
          "failures": [
            "5a686b4b-ba85-45dc-ae49-ff5394b375c5"
          ],
          "pending": [],
          "skipped": [],
          "duration": 194,
          "root": false,
          "rootEmpty": false,
          "_timeout": 2000
        }
      ],
      "passes": [],
      "failures": [],
      "pending": [],
      "skipped": [],
      "duration": 0,
      "root": true,
      "rootEmpty": true,
      "_timeout": 2000
    }
  ],
  "meta": {
    "mocha": {
      "version": "10.2.0"
    },
    "mochawesome": {
      "options": {
        "quiet": false,
        "reportFilename": "mochawesome",
        "saveHtml": true,
        "saveJson": true,
        "consoleReporter": "spec",
        "useInlineDiffs": false,
        "code": true
      },
      "version": "7.1.3"
    },
    "marge": {
      "options": null,
      "version": "6.2.0"
    }
  }
}